?	As pernas sempre foram , o grande atractivo da mulher .
ser	Após paragem cardíaca tentou-se reanimação , mas as tentativa foram infrutíferas .
ser?	Independentemente das dificuldades detectadas , nomeadamente , da existência crónica de uma carência de profissionais de saúde , a verdade é que os indicadores de saúde em Portugal foram evoluindo , nos últimos anos , de forma positiva e gradual muito por « culpa » da estrutura que dá pelo nome de Serviço Nacional De Saúde .
ser	As seguintes (e últimas) mesas-redonda : foram denominadas « Stress , aceleração vida urbana e gestão do tempo » e " A.articipação das crianças e dos jovens -- prevenção da violência " .
ser	Todos os doentes foram avaliados com Mapa de 24 horas .
ser#	Serviço Nacional de Saúde (SNS) , depois , nos meses seguintes , a parte mais beneficiada foi o SNS e os doentes foram muito pouco beneficiados .
ser	Uma vez que os mesmos problemas foram enfrentados no estado de Nova Iorque , a partir da década de 90 do século passado , e tendo vivido esta realidade de perto , propus trazer par Portugal os programas então implementados com enorme sucesso » (ver caixa) .
ser	Entre dúvidas que foram esclarecidas e folhetos distribuídos , elaborou-se um questionário que permitisse avaliar o conhecimento dos jovens sobre os métodos contraceptivos e contracepção de emergência .
ser	De 2002 para 2003, houve um acréscimo de 5% nas Consultas ; nos Meios Complementares de Diagnóstico e terapêutica , em 2002, foram realizados cerca de 36.600 exames , número que se manteve praticamente igual no ano seguinte .
ser?	Ao longo da mesma , foram apresentados argumentos fundamentados em publicações científicas .
ser	Estes foram mortos ressuscitados , e , com uma excepção apenas , não se registou qualquer perturbação no seu sistema nervoso .
ser	Todas as portas e janelas foram abertas de par em par .
ser	Mas as operações seguintes foram uma amarga desilusão .
ser	Estas doenças , sendo de natureza escorbútica , eram curadas pela alimentação vegetal , pois , como diz Aretée , alguns doentes que foram abandonados para as montanhas , segundo o uso daquele tempo , e para os desertos pelo horror que inspirava esse mal contagioso , foram encontrados , algum tempo depois , cheios de vida e sãos por se terem abstido das carnes e vivido exclusivamente de ervas e bagas silvestres .
ser	Mas são os atletas que levam uma vida desordenada -- lá atletas alcoólicos , como os há carnívoros , portanto os atletas que morrem são os que nunca foram sóbrios .
ser?	Hay foram iniciadas com jejum hídrico , apesar de se tratar os doentes .
ser	Estas ondas , que se produzem nos momentos de repouso e tranquilidade , foram baptizadas de .
ser	ou com uma dor de cabeça que se precipitam com ela para os nossos melhores institutos , onde nada se conhece sobre a « polio » , excepto os ensinamentos que foram dados por uma enfermeira australiana .
ser	Um naco de pão de milho saboroso e amarelo e amoras quase foram os meus únicos alimentos ; só gostava muito de caldos de hortaliça com azeite .
ser	Temos agora aqui na nossa clínica , em tratamento e observação , mais de 2000 casos , e eu tenho a certeza de que os investigadores de V. Exa. notarão que mais de 90% deles foram tratados por membros da associa-ção Médica Americana , com rádio , raio-x ou cirurgia , antes de recorrerem aos serviços desta clínica .
ser	Os que morreram -- e não são poucos -- foram , quase sempre , vítimas dos fenómenos de rejeição , directa ou indirectamente .
ser	Doentes que tomaram esses medicamentos por largo tempo , foram atacados de cataratas e outros males .
ser	Mas não só na asma esses produtos foram e são utilizados , Nas doenças da pele e nos estados inflamatórios em geral o médico procura de facto atenuar os sintomas de preferência a buscar a origem , a causa das doenças .
ser	Mesmo assim , e embora tratando-se de pessoas de certa idade , os benefícios foram notáveis e traduziram-se pela menor percentagem de falecimentos devido a incidentes por esclerose dos vasos .
ser	Há em todo o mundo milhares de crianças que foram alimentadas nesse regime e constituem justo motivo de orgulho para os pais .
ser	As mulheres (e os ratos utilizados nas experiências) foram , inicialmente , férteis durante um curto espaço de tempo .
ser	Os princípios do « Homo Sapiens » neste Planeta foram realmente prometedores Quais , então , as razões que teriam feito a Humanidade caminhar para uma catástrofe e perecer nela ?
ser	Essas hemorragias , pela boca e pelas fezes , foram atribuídas aos efeitos secundários da cortisona , que me passou a ser proibida .
ser	O Dr. Sousa Uva conhece o assunto , que é da sua esfera de actividades médico-científicas e , sabe , por experiência e estudo em França , e cá também , que , além do citado medicamento , outros como a « Rubidomicina » e a « Vincristina » já foram empregados contra a leucemia , isoladamente ou em associação .
ser	Os animais foram alimentados segundo os mesmos regimes .
ser	Mas os incidentes foram aparecendo em cada vez maior quantidade .
ser	Os erros foram transmitidos de geração em geração ; o hábito transformou-se em rotina ; o raciocínio é coisa vã , inútil .
ser	Os ratos com leucemia , não tratados , morriam no prazo de dez dias , normalmente ; porém , mais de um terço dos que foram injectados com extractos das algas viveram de três a dezoito dias além desse prazo .
ser	Nos ensaios levados a cabo os dois cientistas , M. A. El Nakeeb e R. T. Yousef , empregaram pectina na dose de 1% , e nessa percentagem obtiveram invulgares resultados : em cerca de 15 minutos , 90% de 9 espécies de bactérias foram destruídas , encontrando-se praticamente todas mortas ao fim de 2 horas .
ser	Nestes últimos 2 anos , todos esses medicamentos foram substituídos pela cortisona .
ser	Todavia , foram realizados alguns trabalhos de investigação na Universidade de Cornell .
ser	Os relatórios dos seus trabalhos foram publicados em revistas médicas britânicas e deram substância para fartos e prolongados comentários na imprensa leiga e paramédica , e ainda bem que tal sucedeu .
ser	Há 20 anos , foram descobertas substâncias que , no caso de diabetes benigna são capazes de estimular a produção de insulina a cargo do pâncreas .
ser	Os doentes tomam-na se às vezes os sintomas , as queixas atenuam-se mas não raro surgem os efeitos secundários , que se traduzem por outras doenças , as doenças iatrogénicas , quer dizer as que foram provocadas pelos próprios medicamentos .
ser	Caracteriza-se pelo aparecimento de pápulas correspondendo t superfícies cutâneas que foram submetidas a um traumatismo continuado ou a uma fricção .
ser	Por outro lado , as fases de escassez que se seguiam a qualquer desastre natural foram tão frequentes e inevitáveis que a magreza foi associando-se à ideia de doença .
ser	Este e outros temas foram debatidos , recentemente , no decorrer de dois congressos médicos europeus , que tiveram lugar em Lisboa , os quais permitiram traçar um ponto da situação , em matéria dos transplantes .
ser	Os avanços da imunossupressão e os problemas específicos de cada tipo de transplante -- dependente do dador , do tipo de órgão e da técnica utilizada -- foram objecto de análise multifactorial , por forma a que , não só haja mais transplantes , mas também que cada órgão transplantado funcione mais tempo .
ser	Os factores etiológicos são os mesmos que foram mencionados a propósito das pneumonias bacterianas .
ser	Em estudos clínicos realizados nos Estados Unidos , França , Alemanha , Reino Unido e Finlândia , concluiu-se que o Prevenar foi bem tolerado por mais de 20 mil crianças a quem foram administradas mais de 60 mil doses .
ser	A novidade foi apresentada por reputados especialistas , no decorrer de uma conferência de imprensa , em Genebra , onde também foram revelados vários estudos de comparação com outros produtos já existentes , tendo-se chegado à conclusão que o « maior benefício da sua rápida acção é a possibilidade de provocar a erecção espontaneamente » .
ser	« A.ivulgação da doença , a defesa dos interesses dos pacientes e seus familiares , a todos os níveis , e procurar obter uma protecção para os que são vítimas desta patologia , foram os principais objectivos a que a associação se propôs e que temos vindo a cumprir » , refere a presidente .
ser	Ao longo dos séculos , foram registadas várias sugestões de práticas , poções ou dispositivos mecânicos de contracepção .
ser	Por isso , foi também realizado um inquérito , a quase 1900 mulheres e os resultados foram , igualmente , animadores : cerca de 90% consideram que « é uma boa ideia » e apenas 2% não confiam no parceiro .
ser	Ficaria , assim , demonstrado que esses esquecimentos correspondem a traumas , que não foram suficientemente « libertados por reacção normal , de ira ou vingança ...
ser	Na primeira os dois maxilares foram separados e a língua libertada , enquanto os ossos eram forçados para a sua posição normal .
ser	Na segunda operação , foram então removidos os tecidos excedentes .
ser	Ora , tendo a responsabilidade de duas crianças , e sentindo-se mensalmente na dependência do ordenado de seu marido para o pagamento da casa , eu creio , sinto-me certo em supor , que os velhos temores da infância quanto aos reveses financeiros foram reavivados .
ser	14.000 metros de altura e 60 metros de profundidade do mar Dos primeiros dezasseis pacientes tratados , nove foram aliviados completamente e cinco foram-no parcialmente , ao passo que dois não sentiram alívio algum .
ser	Os voluntários foram conservados isoladamente , por um período de seis semanas , sendo observado diariamente c desenvolvimento da doença .
ser	Pacientes sofrendo com úlcera do estômago foram colocados em posição de repouso num quarto quieto , e a temperatura do dedo , a secreção gástrica , a motilidade do estômago foram registadas .
ser	Como os dentes não foram dados para triturar a mesmos mas sim aos alimentos , assim a mente foi dada não para roer a si mesma , mas sim para focalizar as suas luzes sobre os outros e os seus problemas .
ser	Levada assim por diante , na campanha puderam os médicos da região em ensaio contar ao fim de dois anos com 1.721 caso examinados , em que foram encontrados 65 casos de cancro dos quais um terço estavam no início .
ser	Além disso , os corpúsculos de Negri foram claramente distinguidos no exame feito no cérebro ; e quando parte dele foi inoculada em outros animais , produziu-se o mal .
ser	Sob toda a tensão imposta (natação , fome , raios <PRED , injecção de drogas e um regime livre de proteína) , os animais de proteína normal foram superiores aos do outro grupo .
ser	Muitos casos tidos erroneamente por indigestão aguda , reconhecem-se hoje como trombose coronária , dos quais foram apresentados exemplos notáveis , como o do ex-presidente dos Estados Unidos , Warren G. Harding .
ser	Numa ocasião , foram precedidas de visão de linhas coloridas ondeadas no ar , diante dos olhos .
ser	Grupos escolhidos foram seleccionados na savana e na área das florestas e as incidências de prevalência do cancro do fígado foram medidas directamente pela aplicação de provas especiais .
ser	Depois que estas medidas acertadas foram adoptadas , a mortalidade materna e infantil decresceu enormemente .
ser?	Se a noção de contestação -- empregada de resto por tudo e por nada -- fica no exterior , abstracta , as dificuldades do corpo docente foram aumentando , e não é novidade dizer-se que , na hora presente , os alunos têm cada vez menos , o desejo de brincar aos alunos .
ser	Todos os anos , mais de 20 000 pessoas morrem asfixiadas na estrada ; são sobreviventes de acidentes da circulação para quem os socorros chegaram muito tarde ou foram negligenciados -- na melhor das intenções -- por capricho .
ser	Numa das convenções anuais da Associação Médica Americana , foram dedicados programas inteiros ao problema alarmante da obesidade .
ser	Este vírus produz verrugas quando se injecta o filtrado do papiloma de que foram eliminadas , previamente , todas as células tumorais .
ser	Em Bartlet , no Texas , onde a taxa do flúor era de 8 mg por litro de água , os efeitos foram um tanto benéficos , pois a presença ou a ausência de outros elementos (como o magnésio) modifica os efeitos do flúor .
ser	compra de submarinos) , como também quanto ao acerto e adequação dessas mesmas opções , em relação às quais foram levantadas as maiores dúvidas , como é caso da compra de uma nova esquadra de 'F 16'.
ser	intervenção -- sem que o Ministro tivesse sido capaz de rebater com um mínimo de sustentabilidade as acusações que lhe foram dirigidas -- , uma severa crítica ao injustificável atraso que marcou a apresentação das propostas de lei , lembrando as .
ser	O PS , enquanto partido , e o engenheiro Guterres enquanto secretário geral do PS , foram decisivos apoiantes dos defensores do Não .
ser	Nesta área , foram alcançados grandes êxitos na erradicação do analfabetismo , em claro contraste com os 40% de analfabetos existentes no país .
ser	As reacções dos defensores do 'sim ' foram de natural desilusão .
ser	Nas reuniões foram referidas preocupações em matéria de higiene , segurança e saúde (normas desrespeitadas , acidentes de trabalho e o flagelo das tendinites) , bem como a abusiva contratação a prazo , a violação da contratação colectiva (particularmente no que toca a classificações profissionais) e os « convites » à rescisão de contratos .
ser	Como resultado da unidade e da combatividade dos trabalhadores , foram obtidos importantes ganhos salariais , que permitiram recuperar perdas antigas e demonstraram que o sector tem capacidade para remunerar melhor os trabalhadores .
ser	Os distritos , em muitos casos , foram esvaziados , as assimetrias somaram-se , foram muitas as situações em que se criaram assimetrias e rivalidades .
ser	A deputada lembra que as obras já foram prometidas há mais de um ano e que devem ser realizadas agora , durante o período de férias , ' a fim de não colocarem em causa a segurança dos alunos , nem incomodar a normalidade da vida escolar ' .
ser	E se também no passado as lutas da classe operária e do proletariado rural foram acompanhadas pela luta e pela intervenção dos artistas e da intelectualidade progressista , também agora tivemos esse testemunho por parte daqueles que sempre estiveram com o povo e estão presentes nestas comemorações , de que saliento entre outros , o Manuel Freire , o Carlos Alberto Moniz e hoje o nosso amigo Carlos do Carmo .
ser	Assim , considerando que a perda de produção vai no segundo ano consecutivo , a DORVIR propõe que o Governo decrete a Calamidade Agrícola e accione o Fundo de Calamidades , com reforço de verbas , para que não se repita a situação de 97, em que muitos produtores ficaram sem subsídios e a outros foram atribuídos subsídios ridículos .
ser	Segundo o Partido Comunista do Iraque calcula-se que mais de 1 500 pessoas foram mortas desde Julho do ano passado.
ser	Segundo os números da Direcção-Geral das Florestas , na época em curso foram dizimados , desde Março , uns quatro mil hectares de áreas povoadas por espécies arbóreas .
ser	As mulheres , em particular , foram despojadas de qualquer direito , reduzidas a uma existência sub-humana : não podem estudar , nem trabalhar , e muito menos ter vontade própria .
?#	foram , os parentes pobres do sistema » .
ser	Os alvos , na versão de Washington , foram campos de treino em território afegão e uma fábrica de armas químicas no Sudão .
ser	Lembradas , por exemplo , foram as concentrações , seminários ou vigílias .
ser	A organização do Partido ao nível de cada local de trabalho , a reafirmação da disposição de continuar a lutar pela defesa dos postos de trabalho e de uma reestruturação dos EFFAs/Ind , assente na modernização e viabilização dos diversos estabelecimentos , e a rejeição dos projectos do Governo que , em alguns casos , apontam para a sua privatização ou mesmo encerramento , foram também questões que mereceram a análise aprofundada dos participantes .
ser	O povo cubano foi muito solidário na sua história e há já três gerações de cubanos que foram criadas nestes valores de solidariedade .
ser	Trata-se de um momento decisivo para verificar se as exigências do PRC para uma nova política económica e social por parte do Governo foram ou não satisfeitas .
ser	O exemplo do trabalho do PCP nas autarquias e a apresentação da regionalização como prolongamento desse trabalho , as diferentes visões de desenvolvimento do PS e do PCP , a forma como a comunicação social trata o problema da regionalização foram , entre outras , algumas questões apresentadas pelos participantes .
ser	Isso não vai ser fácil , reconhece , tal como não é fácil a situação que se vive no país : mais de um milhão de pessoas foram obrigadas a fugir dos campos ; 25 milhões de pessoas (num total de 35 milhões de habitantes) vivem na pobreza ; nos últimos 30 anos a população foi espoliada de 45 milhões de hectares de terra que hoje se encontram nas mãos de grupos mafiosos , oficiais do exército reformados e caciques políticos ; a violência urbana tem um saldo brutal de 25 a 30 mil mortos por ano .
ser	A partir desse momento , no plano interno , os vícios privados assumidos publicamente pelo Presidente foram submersos por uma autêntica maré de públicas virtudes , muitas delas só privadamente assumidas .
ser	e na estrada que passava a poente de Ovar , junto à Rotunda , sobre as quais as populações não foram ouvidas , e a tentativa de encerramento da Maternidade do Hospital de Ovar ...
ser	regiões que lhe foram concessionadas .
ser	Neste negócio , os sucessivos governos e a CAP foram trocando os favores que cada um esperava do outro : os governos , obtendo o « apoio dos agricultores » .
ser	Quer juntar-se aos milhares de reformados que vivem com reformas de miséria e aos trabalhadores que foram obrigados a reformarem-se antecipadamente , uma nova camada de trabalhadores , uma « geração 2000 " sem direitos , sem segurança e ganhando apenas .
ser	com inevitáveis consequências no grau de consciência , organização e mobilização dos trabalhadores , os objectivos da empresa não foram totalmente alcançados , pois os trabalhadores e os seus representantes nunca deixaram de ter um papel interventivo , reivindicativo e .
ser	Entretanto , os escritórios foram desalojados do edifício Casa Branca e , embora aí se mantenha parte das oficinas e manutenção das viaturas , ouve-se já dizer que está para breve o desinvestimento de todas as instalações .
ser	Acompanhando por Manuel Lopes e Maria do Carmo Tavares , Carvalho da Silva criticou o Governo por apresentar no OE uma « referência irrealista e por baixo » relativamente à inflação esperada , postura tanto mais grave quanto às instâncias comunitárias foram indicados valores superiores .
ser	O primeiro-ministro israelita garante que foram os seus dotes de negociador que travaram as « pretenções desmedidas » de Yasser Arafat .
ser	Noutros casos , os mais diferentes serviços públicos foram transformados em empresas privadas de capitais públicos , com a satisfação e o aplauso da direita e com mudança do estatuto dos trabalhadores .
ser	A Thomson-CSF e a Thomson Multimedia foram privatizadas ; a Aeroespatiale também ; e outras .
ser	Todos os governos franceses foram mimados pelos políticos alemães desde Adenauer .
ser	É claro que não foram os bonecos de « Contra-Informação » (que , recorde-se apesar de tudo , também têm voz quotidiana na rádio por intermédio da Antena 1) a decidirem o « Não » .
ser	Não foi possível citar nenhuma testemunha ocular , e , quando as principais testemunhas indirectas da acusação foram confrontadas pelos defensores de Mumia , recuaram nas suas .
ser	E se não pode deixar de ser reconhecida a preocupação manifestada pelo Executivo quanto à necessidade de assegurar a proximidade entre a polícia e os cidadãos -- facto que António Filipe registou -- , a verdade é que ainda não foram adoptadas as medidas indispensáveis à modernização das forças de segurança .
ser	timorenses que foram mortos ou detidos .
ser	Quais foram as medidas tomadas durante as últimas semanas para que toda a fantasmagórica e suja vida do capitalismo passasse a dar a impressão de que se caminha para a normalidade ?
ser	Que os houve na guerra civil de Espanha , onde os defensores da República legal e democraticamente conseguida foram arrastados pela dinâmica da cólera para práticas que o ideário de esquerda não podia consentir .
ser	Porto define linhas de intervenção As linhas de intervenção da organização comunista de juventude no distrito do Porto para 1999 foram definidas pela Direcção Distrital da JCP , em reunião realizada a 5 de Dezembro.
ser	Na reunião , realizada no passado dia 28 de Novembro , foram relatadas experiências e exemplos que suscitam muitas interrogações sobre as políticas do PSD e do PS nas autarquias .
ser	cerca de 2000 contos anuais -- passem a ficar isentos do pagamento deste imposto , do mesmo modo que foram as propostas do PCP que aumentaram de 25 para 30% as deduções à colecta para as despesas com .
ser	mais de três mil pessoas foram presas na capital .
ser	Só que as investigações nunca foram levadas até ao fim .
ser	gestão integrada da floresta , redução dos impostos sobre os baixos rendimentos familiares , Metro do Sul do Tejo foram feitos com a pressão e a intervenção e a luta do PCP e a aceitação pelo PS das propostas do .
ser	Na introdução ao debate , foram lembradas as palavras do Secretário-Geral Adjunto do Conselho da Europa , proferidas na 1º Sessão do Comité de peritos independentes .
ser	Nas suas palavras , os ataques foram legitimados pela advertência que dirigiu às autoridades iraquianas durante a crise de Novembro , em que explicou que anularia o ataque mas que da próxima vez actuaria sem avisar .
ser	As eleições foram claras .
ser	É que por todos os elementos que foram entretanto tornados públicos , o Pp conta seguramente com mais do que o dobro mais um dos militantes que se deram ao trabalho de acorrer às urnas o que poderá levar a que os seus opositores ainda possam vir a questionar a legitimidade desta sua importante vitória .
ser	Assim , e no âmbito de uma campanha lançada pela JCP , foram recolhidas cerca de quatro mil assinaturas de jovens que consideram a educação sexual escolar como um passo fundamental para uma .
ser	Os temas da Conferência -- igualdade , desenvolvimento e paz -- foram posteriormente recuperados na Década das Nações Unidas para a Mulher (1976-1985) .
ser	E é mesmo assim o melhor cenário , porque « seria prematuro considerar que as dificuldades foram ultrapassadas » .
ser	A dimensão da importância histórica e humana desta medida pode avaliar-se melhor se se tiver em conta que , nos fins de 1990, cerca de uma centena de países conservava e aplicava a pena de morte , cerca de três dezenas mantinha-a na Lei embora não a aplicasse e apenas 36 países a tinham abolido ; e que , segundo a Amnistia Internacional , no ano de 1995 foram executadas 2932 pessoas em 41 países , e condenadas à morte 4165 em 79 países .
ser	« Recusar liminarmente » a decisão do governo de localização no Barreiro de uma estação de pré-tratamento de resíduos e « denunciar a total arbitrariedade » na escolha deste local , foram as decisões da Câmara do Barreiro , reunida dia 30 de Dezembro em sessão extraordinária .
ser	Quatro localidades da província de Malange foram atacadas no domingo , mas as Forças Armadas , a polícia e a defesa civil conseguiram repelir as tropas de Jonas Savimbi .
ser	As dificuldades do presente foram no discurso ponte para a análise dos problemas angustiantes que a humanidade enfrenta na viragem do milénio .
ser	Os desastres naturais e os alçapões do mercado globalizado foram parcialmente compensados pelo esforço do povo .
ser	As conclusões (que a seguir se transcrevem) foram apresentadas por Francisco Lopes que , em relação à « aplicação da lógica do lucro » que se verifica , alerta para o « estabelecimento de discriminações » e « o crescimento de riscos para a qualidade e os padrões de segurança dos serviços prestados » .
ser	248 famílias do Casal Ventoso foram ao longo desta semana realojadas nos novos edifícios da Quinta do Cabrinha.
ser	Importa salientar que os números do « Haaretz » respeitam apenas às construções financiadas pelo governo , já que milhares de outros fogos foram construídos ou está prevista a sua construção com fundos privados .
?	Em Bolívar , 14 civis foram .
ser	E tem ligado essas propostas à indispensável concretização de uma profunda reforma democrática do SNS , cujas linhas fundamentais foram oportunamente apresentadas .
ser	Como motivos da « justa indignação » dos trabalhadores da Petrogal , a CCT refere que foram apregoados 32 milhões de contos de lucros , relativamente a 1998, mas os responsáveis da empresa afirmam não ter disponibilidade para negociar nem 1% de tal valor .
ser	Ambas as petições foram entretanto entregues ao presidente da Assembleia da República e surgem como uma inequívoca tomada de posição das populações locais .
ser	Neste período assistimos a um efectivo reforço de organizações de base do partido : foram constituídos ou reforçados secretariados de células de empresas ; comissões de freguesia ; núcleos de contacto com militantes ; foi tomada a decisão de realizar plenários mensais em dia certo ; e foram reforçadas as organizações junto do trabalhadores .
ser	responsável da UNICEF disse que no Uganda , milhares de crianças foram raptadas e levadas para o Sudão , onde foram abusadas por tropas do Exército de Resistência do Senhor ; no Burundi , mais de cinco anos de guerra civil .
ser	muitas vozes discordantes que se manifestaram contra a intenção de instalar naquele local a ETRI , nem daqueles , e foram muitos , que no mínimo levantaram fortes e fundamentadas interrogações.
ser	Clement Attlea , Harold Wilson , James Callaghan , foram os primeiros-ministros possíveis quando a Grã-Bretanha desejava , simplesmente , avançar .
ser	Na quinta-feira , dia 4, por iniciativa do Secretariado Inter-Regional do Alentejo da CGTP , procedeu-se à eleição da comissão intersindical da Obra de Alqueva e foram feitas reuniões com trabalhadores .
ser	Nesta situação , trabalhadores com vínculos laborais efectivos e com direitos adquiridos foram substituídos , na maioria dos casos , por trabalhadores com vínculos precários e sem direitos .
ser	Ao terminar o ano de 1998 foram anunciados os encerramentos de algumas empresas multinacionais que , desde a Texas Instruments Samsung Electrónica Portugal até à Nestlé/Longa Vida , passando pela holandesa ERU , tinham um traço comum : fechavam unidades fabris em Portugal , para abrir em países com mão-de-obra mais barata .
ser	Recordando análises que foram feitas no início desta legislatura bem se pode continuar a dizer que as passagens do PS pelo Governo se traduzem sistemáticamente num contributo para a alteração da relação de forças na democracia portuguesa a favor do capital e contra os trabalhadores ; a favor das políticas privadas contra as políticas públicas .
ser	juventude do mundo foram as mais debatidas .
ser	Também no nosso país o Eng. Guterres e anteriormente Cavaco Silva , foram obrigados a elogiar o trabalho dos comunistas do Parlamento Europeu.
ser	Os abusos patronais foram igualmente denunciados ao PR e aos jornalistas durante a visita à Indelma , empresa fabricante de material eléctrico instalada no concelho do Seixal e que foi visitada por Jorge Sampaio terça-feira à tarde .
ser	As medidas entretanto tomadas não foram eficazes , por falta de condições reais e/ou por atrasos na sua implementação , pelo que outras medidas .
ser	Esse protocolo garantia a realização do Grande Prémio no Autódromo até ao ano de 2009, só que nem por isso as relações entre o Estado e a Autodril foram pacíficas , quer no que se refere às condições de utilização , quer no que se refere às obras a realizar no Autódromo .
ser	A 5ª Assembleia da Organização Regional de Viseu do PCP , cujos trabalhos foram encerrados com uma intervenção de Sérgio Teixeira , terminou com a afirmação da confiança de que é possível ganhar o .
ser	Estas acções foram decididas em plenário realizado dia 25 de Fevereiro , revelou o sindicato das Indústrias de Alimentação do Sul e Tabacos .
ser	Todos responderam , evasivamente , às perguntas que lhes foram dirigidas alegando que não se lembravam de factos tidos como evidentes .
ser	a dar novo rumo à construção europeia ; o reforço do PCP como essencial para uma viragem na política nacional foram questões exaustivamente analisadas pelo Secretário-geral do PCP.
ser	« Os acordos políticos não bastam : os Balcãs estão cheios de acordos que foram assinados mas não foram aplicados » .
ser	Desde que a operação começou , várias aldeias foram completamente queimadas e um grande número de guerrilheiros e colaboradores foram abatidos .
ser	O sindicato , num comunicado em distribuição no sector , refere que há empresas onde já foram conquistados « aumentos de 6, 7, 8 9 e 10 contos » .
ser	Nada disto foram estes partidos capazes de prever , o que , confirmando incapacidades , revela também níveis de informação mais que insuficientes para avaliar a situação .
ser	Em 1994, foram 3 os mandatos atribuídos à CDU pelos eleitores e foram 4 os comunistas que os cumpriram (Luís Sá , Joaquim Miranda , Sérgio Ribeiro e Honório Novo) , assim como foram 10 os mandatos do PS e 13 os deputados que os cumpriram , 9 os mandatos do PSD e 11 os deputados a cumpri-los , 3 os mandatos do Pp e 5 os .
ser	No distrito de Santarém , foram levadas a efeito duas iniciativas públicas com banca de rua , uma na cidade de Santarém e outra no Entroncamento , que recolheram cerca de duas dezenas de contos .
ser	É o caso da área da educação em que , no plano do ensino pré-escolar , dez das 18 acções previstas não foram concretizadas , ou no ensino básico e secundário , das 84 .
ser?	Entretanto , um ano volvido , os níveis de concretização não se comparam : com o POS , em 1998, foram de 6,4% , com a CDU , em 1997, de 65,1% .
ser	Na Assembleia da República , os três vice-presidentes subscreveram uma declaração conjunta em que sublinham que as acções da Aliança Atlântica « foram decididas sem um mandato do Conselho de Segurança e à margem da Carta das Nações Unidas , o que constitui um grave precedente » .
ser	Tal como antes acontecera , também agora foram violadas as leis internacionais e a soberania , tendo sido ignorados o Conselho de Segurança e as Nações Unidas .
ser	Também foram infrutíferos os contactos com o governador civil de Faro , a Câmara Municipal de Olhão , os directores-gerais das Pescas e o actual ministro da .
ser	e Esquerda Unida Bombardeamentos têm de parar A.ctual estratégia da Nato e as alternativas para a paz e cooperação foram o tema de um colóquio conjunto entre o PCP e a Esquerda Unida de Espanha.
ser	Os três factores que atrás enunciei foram fundamentais para a lucidez que se tornou prevalecente nos trabalhos da Constituinte .
ser	As Conferências da Reforma Agrária e Encontros de Culturas foram outras estruturas de capital importância .
ser	Os anos mais duros da ofensiva foram entre 1977 e 1985/86 (7 a 8 anos) , com os governos de Nobre da Costa , Mota Pinto , Maria de Lurdes Pintassilgo , Sá Carneiro , do Bloco Central (PS/PSD) , Cavaco Silva .
ser	Contrariando argumentos falaciosos , torna-se cada vez mais evidente que as privatizações não são , nem nunca foram , simplesmente uma mudança da titularidade de determinadas empresas que passam de públicas a privadas , por ' não serem .
ser	Para além disso , conhecem-se ainda casos , como o BESCL , em que os depositantes foram usados como falsos compradores ou como o BPA e a Cimpor , em que aos trabalhadores foram apresentadas/impostas regras de acesso a linhas de crédito especiais criadas na altura da privatização , visando também , limitar-lhes a margem de manobra e eventuais .
ser	os maus da fita , e nem a confirmação de que alguns dos mais bárbaros massacres que efectivamente se registaram foram perpetrados por croatas e muçulmanos pôs cobro à mistificação levada a cabo nas campanhas orquestradas pelos principais órgãos de informação .
ser	Os 25 anos do 25 de Abril foram assinalados no Couço com um monumento que gravou na forma e na pedra os passos mais representativos da luta ímpar de um povo que ao longo dos anos soube sempre o que quis e de que lado estava .
ser	Álvaro Cunhal lembrou que não foram os generais que acabaram com a PIDE e libertaram os presos políticos , mas foi o povo juntamente com militares revolucionários que levou a cabo essas acções , desafiando as ordens dos generais da Junta de Salvação .
ir	Dezoito dos países da Aliança , mais os que se acotovelam à porta para entrar no clube , foram a Washington cantar loas ao imperador , mostrar a folha de serviços prestados e apresentar as petições com que esperam ser recompensados .
ser	É essa a Nato que agora assume uma guerra não-declarada (no Estatuto de Nuremberga , coisas assim não foram louvadas , mas foi antes de eu nascer) em que Portugal .
ir	Cristóbal Orellana , porta-voz da manifestação , saudou os participantes , dirigindo uma palavra especial a todos os portugueses e portuguesas que foram até à Base da Rota , na Andaluzia , onde se juntaram aos manifestantes vindos de Madrid , Valência , Saragoça e de outras parte da Espanha .
ser	E é caso para perguntar se quem defende esta humanitária estratégia também vai apelar ao bombardeamento de Djakarta para punir Habibie e os generais pelo massacre do povo timorense ; ao bombardeamento de Ankara para punir Bulen Ecevit pelo extermínio do povo curdo e pela ocupação de Chipre ; ou ao bombardeamento de Zagreb para punir Franjo Tudjman pelos mais de 200.000 sérvios que foram 'purificados ' da Croácia ?
ser	representante da empresa , no Ministério do Trabalho , os dirigentes do Sindicato dos Trabalhadores das Indústrias Eléctricas do Norte foram confrontados com a informação , por parte do director de produção , de que a empresa-mãe , na Alemanha .
ser	Sindicalistas reintegrados Sindicalistas reintegrados Dois dirigentes do Sindicato da Hotelaria do Norte foram reintegrados nos seus postos de trabalho após terem ganho acções judiciais contra as respectivas entidades patronais , que lhes têm .
ser	Milo Djukanovic , presidente do Montenegro , assistiu esta semana , como observador , aos debates dos Ministros dos Negócios Estrangeiros dos Quinze , em Bruxelas , onde foram traçadas as linhas gerais de um « Pacto de Estabilidade » a apresentar a 27 de Maio em Bona .
ser	A empresa faliu , foi realizada uma hasta pública e foram apurados cerca de um milhão de contos .
ser	A acreditar na contabilidade dos EUA , e se falhas só houve doze , isso significa que muitos dos propalados « enganos » foram deliberados .
ser	As autoridades suíças investigaram e , em Julho de 1998, os fundos da « A.átria chama-te » foram congelados por suspeita de implicações em « tráficos ilícitos de material de guerra e de participação numa organização criminosa » .
ser	Mahmuti não confirma nem desmente a acusação , mas vai dizendo que « uma vez que os crimes dos sérvios foram cometidos perante a indiferença das grandes potências » , considera « que comprar armas é um acto humanitário » .
ser	O deputado comunista não hesitou em denunciar as « pressões de toda a ordem » que foram desencadeadas « sobre os membros da Comissão de Inquérito e respectivos Deputados » para que não aprovassem a proposta de conclusões .
ser	Num ambiente de festa , onde não faltou comida e bebida (a organização matou uma vitela e vários cabritos) , os problemas da agricultura foram temas recorrentes quer nos discursos feitos do palco , quer nas conversas entre os presentes .
ser	Ilda Figueiredo voltou a exigir mais meios para o Alentejo e recordou as preocupações lhe foram transmitidas quer pela Associação de Estudantes quer pelo próprio reitor da Universidade de Évora pelos cortes que o Governo decidiu fazer no orçamento da Educação .
ser	Os jovens foram os primeiros a chegar , desde logo animando com a sua alegria a Praça 8 de Maio , onde a .
ser	desde a manhã várias localidades da margem Sul (ver reportagem nesta edição) , Carlos Carvalhas e Ilda Figueiredo foram recebidos de forma calorosa e entusiástica pela enorme massa de gente que enchia por completou o vasto espaço.
ser	E confirmam que a espiral genocida que caracterizou a agressão da Nato à Jugoslávia , alvejando pontes , hospitais , fábricas , residências , autocarros , comboios , embaixadas , lares residenciais , centros de refugiados , refugiados nas estradas , centrais eléctricas e (nos derradeiros dias) os sistemas de abastecimento de água potável das grandes cidades , não foram meros 'danos colaterais ', ou 'erros ', e sim uma estratégia deliberada de condução da guerra .
ser#	Consultei o guia , que falava um francês de Marselha , muito arrastado , e ele mostrou-me os lugares onde foram Herculano , que eu já havia visitado na juventude , e Cápua , Sorrento , o Posilipo , os longes da ilha de Cápri .
ser	a diminuição verificada na percentagem de votos , os resultados obtidos pela CDU , no entender da bancada comunista , foram « positivos » , concorrendo para esta leitura o facto de a Coligação ter mantido a sua percentagem nos dois .
ser	São homens cabisbaixos que foram businessmen e caíram na bancarrota .
ser	Estamos a falar de dois partidos cujos governos foram os mais incondicionalmente alinhados com os EUA na guerra dos Balcãs , os mais empenhados nesta guerra , os que enviaram para o Kosovo os mais numerosos contingentes militares , dos que mais se encarniçam (nomeadamente no quadro da U.E. , do G7 e do « plano de estabilidade » para os Balcãs) em levar até ao fim a desagregação da Jugoslávia e em impor à Sérvia um governo submisso ao imperialismo .
ser	Em 1997, foram gastos 102 milhões de contos na construção de IPs e ICs , mas com as recomendações do Tc em matéria de eficácia , a poupança poderia atingir 44,4% .
ser	As palavras são do Secretário-Geral do PCP e foram proferidas no debate sobre o estado da Nação.
ser	E é uma realidade que várias medidas foram tomadas na sequência da aprovação por esta .
ser	Quanto aos projectos desenvolvidos pela Light na sua primeira fase , vários erros propositados foram praticados com o objectivo de elevar o custo das tarifas ou de impedir um melhor aproveitamento dos recursos hídricos em projectos nacionais .
ser	São dezenas de milhões de contos que poderiam ter tido utilidade social e que foram pura e simplesmente esbanjados .
ser	esquerda , já perto do Palco 25 de Abril , iremos notar que o relevo do terreno foi atenuado e foram construídos muros de retenção de terras.
ser	Os espaços arrelvados vão estar em grande forma , uma vez que foram lavradas e semeadas de novo áreas superiores a um hectare .
ser	Como assinalou o director do Diário de Notícias ' boas almas , agora regeneradas , vindas de todos os quadrantes do espectro político , foram recebidas de braços abertos , num espectáculo mais próprio de uma igreja de inspiração sul-americano do que de um partido europeu e .
ser	Sobre este aspecto , os documentos dos Arquivos da universidade não podiam ser mais claros -- 23 jornalistas de 15 países foram deslocados para Santiago !
ser	Na última semana milhares de documentos sobre a ditadura de Pinochet foram abertos ao público , nos EUA .
ser	Mas , felizmente , a situação normalizou-se e essas amizades foram recuperadas .
ser	Irão Irão Estudantes exigem abertura As manifestações dos estudantes iniciaram-se na quinta-feira à noite e desde logo foram marcadas por violentos confrontos.
ser	No mesmo dia , três carros civis foram queimados por soldados da Unita na estrada que liga Negage e Lucala .
ser	Obasanjo afirmou que as eleições angolanas de 1992 foram justas e transparentes e que as decisões do povo angolano devem ser respeitadas , tal como o Acordo de Lusaca .
ser	Mostram-nos solidariedade , tanto que foram nossas testemunhas no processo .
ser	Os agricultores estavam a trabalhar no campo quando foram mortos a tiro , à queima-roupa .
ser	Para além dos projectos apresentadas , dos que foram aprovados e se transformaram em leis por iniciativa dos comunistas , vão estar expostas as listas de candidatos da CDU .
ser	Apesar de a invasão de Girón ter significado uma grande derrota política e militar para o governo dos Estados Unidos , a acção bélica deixou um elevado saldo de vítimas e grande número de famílias cubanas foram dolorosamente afectadas , pois 176 pessoas morreram e mais de 300 foram feridas pelas armas inimigas -- entre elas moradores da zona que foram metralhados pela aviação mercenária -- , e outras 50 ficaram incapacitadas para o desempenho das suas funções .
ser	à greve em causa na Petrogal Administração não quer pagar prémios Direito à greve em causa na Petrogal Os lucros foram maiores que o previsto , mas a administração recusa pagar os prémios de produtividade porque os trabalhadores fizeram dois dias .
ser	Os direitos dos trabalhadores-estudantes e a aplicação do seu estatuto foram alvo , ao longo dos últimos anos , de inúmeras reivindicações das organizações representativas desta área , bem como dos estudantes em geral , às quais o PCP deu voz , contribuindo decisivamente para a concretização dessas propostas em lei .
ser	As consequências desta acção não foram só de tipo económico , mas também provocaram algo muito mais doloroso : a morte da trabalhadora Fe del Valle Ramos , e queimaduras e lesões em outras 18 pessoas que .
ser	que se iriam verificar até ao final do ano , por término dos contratos a termo certo destes profissionais , foram adiados devido ao prorrogamento dos contratos até Abril de 2000.
ser	Dini reconheceu ainda a existência de um problema de « transparência » no seio da Nato durante os bombardeamentos contra a Sérvia , dado que se registaram bombardeamentos do Conselho Atlântico (que dirige a Nato) que não foram previstos , como o ataque contra a televisão sérvia que , de acordo com a Itália e outros países europeus , não deveriam ter sido feitos .
ser	Entretanto , um porta-voz da KFOR , major Roland Lavoie , afirmou que dois sérvios foram feridos sábado durante um incidente armado com albaneses da localidade de Kosovska Mitrovica .
ser	Na verdade , na página 7 dessa edição do « Independente » , sob o título « O.IAP que os carregue » e encimada por seis fotografias , lá era publicado uma peça onde já eram referidos praticamente todos os nomes de deputados que , por intoleráveis intuitos de confusionismo , de injusta generalização das suspeições por todas áreas partidárias e de expedita condenação pela opinião pública , foram na passada sexta-feira enforcados no pelourinho , perdão , listados na manchete daquele jornal .
ser	Entre Fevereiro e Outubro foram despedidos mais 1.060, o que perfaz um total de 1.560, ou seja dois terços de trabalhadores despedidos em menos de sete meses .
ser	Entretanto , foram anunciadas reuniões de representantes dos trabalhadores da Brisa de todo o País , para analisar este problema e medidas de resposta .
ser	Executiva da CGTP , após o período de férias , foi exigida a valorização do trabalho no debate político e foram denunciados os perigos contidos no decreto-lei 332/99, publicado a 20 de Agosto.
?	Elementos da UNAMET que passaram no local foram igualmente .
ser	As nacionalizações e a retirada de poder económico aos que suportaram o fascismo e dele se alimentaram , salientou Domingos Abrantes , foram indispensáveis para garantir a defesa da democracia conquistada com o 25 de Abril .
ser	Os convidados estrangeiros foram , como já é tradicional , recebidos pelo secretário-geral do PCP numa sessão em que Carlos Carvalhas -- acompanhado de José Casanova , Director do "Avante! ", de Virgílio Azevedo , do Secretariado do CC , e de Manuela Bernardino , da Comissão Central de Controlo do CC e da Secção Internacional -- saudou a presença de todos , informou sobre a situação política nacional e respondeu às questões que foram entretanto colocadas .
ser	Na sexta-feira , o pavilhão do tiro abriu com uma demonstração da modalidade em que foi dada oportunidade aos visitantes de experimentarem no que foram devidamente acompanhados por atiradores e treinadores da Federação de Tiro .
ser	Do total de títulos de acesso emitidos nas prioridades clínicas (2285) , « nem todos foram realizados (485) , certamente porque estes utentes tiveram que recorrer ao sector privado » , segundo a CGTP .
ser	Outras forças blindadas inimigas tentaram ultrapassar Golitsino mas foram , igualmente , destruídas .
ser	Os primeiros três anos e meio da presença da Yazaki em Ovar foram muito difíceis para o SIEC .
n-é-verbo#	Paulo Valadão alerta ainda para a reduzida dimensão do mercado ilheu , onde , por enquanto , o turismo e os serviços não geram uma população flutuante suficiente para suportar de foram estável as lojas do comércio tradicional , e sugere que à semelhança do que se passa na Região Autónoma da Madeira se legisle no sentido de defender o comércio tradicional e regulamentar a instalação de unidades comerciais de dimensão relevante .
ser	O sector de Empresas de Loures do PCP solidarizou-se com a luta , recordando que na MEC os salários foram aumentados em Março de 1992 e , desde então , só em 1997 tiveram um « acerto » de 2500 escudos , em média .
ser	Desde então , que passos já foram dados no sentido de « reestruturar , fortalecer e inovar » ?
ser	A articulação entre a ONU e o CNRT ao nível da administração de Timor-Leste e a concretização de políticas acordadas foram os temas centrais da primeira reunião de trabalho entre o administrador da ONU e o dirigente da resistência .
ir?	Todas as intervenções foram ao encontro do « Pacto de Insubmissão » , manifesto subscrito por mais de 1600 pessoas , que , como Helena Medina referiu , não é uma base programática ou um compromisso global de intervenção conjunta .
ser	Estes valores foram em 1998, respectivamente , de 3,9% contra 4,7% ; e este ano de 4,1% contra 4,9% de aumentos salariais .
ser	Numa atmosfera ardente que envolveu todos os partidos políticos do Ulster , os governos britânico , americano , canadiano e da República da Irlanda , o principal partido protestante , o Ulster Unionist Party e o seu leader , David Trimble , foram confrontados com propostas que , se rejeitadas , dariam lugar à criação de um temível vazio , à derrocada de tantas esperanças criadas , ao retorno da confrontação que ninguém mais deseja além dos fanáticos de Ian Paisley .
ser	Outros projectos foram também desenvolvidos , nomeadamente nas áreas do cinema.
ser	Esteiros : 'Para os filhos dos homens que nunca foram meninos , escrevi este livro '; Engrenagem : 'Para os trabalhadores sem trabalho -- rodas paradas duma engrenagem caduca ' .
ser	Vários jornalistas foram igualmente agredidos .
ser	Por imposições várias , foram substituídas por variedades de outros países , que trouxeram novas doenças , e híbridas criadas em laboratório , que são muito frágeis .
ir	Muitos deles foram para as organizações de freguesia e não se sentiram motivados para aquele tipo de trabalho .
ir	Daí para a frente , as trabalhadoras foram todos os dias para a empresa cumprir o seu horário de trabalho de forma a pressionar a empresa a reinseri-las .
ser	recomendações foram tornadas públicas .
ser	De acordo com o próprio chefe da polícia foram ainda utilizadas balas de borracha com irritantes químicos e os telemóveis encontrados nas mãos de .
ser	Assim , não foram poucos os protestos da Escócia , lamentando terem sido esquecidos Alexandre Graham Bell (inventor do telefone) e John Baird , criador da TV .
ser	A forma amadorística como as comemorações foram tratadas é demonstrativa do « estilo fatigado e rotineiro que , hoje , caracteriza a actuação da maioria socialista » , afirma Rui Sá acrescentando que o espectáculo não teve em consideração a grande afluência de público ; não houve coordenação entre os vários meios disponíveis ; não foram tidas em conta as reservas colocadas pelos fornecedores de vários serviços ; assim como não foram elaborados os planos de contingência .
ser	Numa outra experiência em que ratos foram alimentados ao longo de dez dias directamente com batatas transgénicas cozidas , as autópsias revelaram alterações altamente significativas do peso dos animais e alterações frequentes de órgãos ligados .
ser	oito camaradas , transportados num carro blindado de Salazar e tripulado pelo camarada António Tereso com superior coragem e audácia foram um grande factor de dinamização do movimento antifascista e do movimento operário , feminino e estudantil : as grandes greves .
ser	Numa nota divulgada sexta-feira , o sindicato da Celulose , Papel , Gráfica e Imprensa denuncia o facto de os trabalhadores terem sido marginalizados pelo Governo , uma vez que não foram consultados sobre a decisão de privatizar a empresa nem sequer as comissões de trabalhadores foram informadas , apesar de , segundo a lei , ser necessário o seu parecer .
ser	As questões centrais portuguesas nunca foram minimamente focadas .
ser	Os ministros portugueses foram informados das exigências britânicas .
ser	De tal modo que , ironizou Octávio Teixeira , os limites propostos pelo PCP que sempre foram vistos pelo PSD e CDS/PP como enfermando de « uma visão miserabilista das campanhas eleitorais » são hoje largamente .
ser	No entanto , em várias ocasiões foram visíveis diferenças substanciais e divergências , com os dirigentes socialistas a resistirem à atitude mais reivindicativa da corrente unitária e a cederem às pressões patronais , sem o necessário esforço de mobilização dos .
ser	A falência foi a conclusão de um processo de recuperação iniciado em Maio de 1998, depois de o principal administrador se ter feito accionista do grupo Higifarma , para onde foram levadas máquinas e transferida facturação da Poligráfica .
ser	Ora o que se verificou foi que « não foram tomadas providências » e « quer em relação ao sistema de reservas quer em relação às vendas , elas foram desmanteladas abruptamente e a TAP começou a ter quase que mensalmente 2 milhões de contos de prejuízos » .
ser	Os grevistas foram obrigados a abandonar o local , mas no .
ser	E foram os custos dessa opção assumidos ?
ser	A existência de valores de avaliação superiores ao valor final anunciado de privatização constitui outra das questões que desejam ver aclarada , do mesmo modo que querem perceber por que razão não foram considerados estudos da TAP que atribuem vantagens económicas e estratégicas a outras parcerias diversas da .
ser	O Exército não interveio quando o Congresso e o Supremo Tribunal , acusado de corrupção , foram ocupados .
ser	Assim , foram apresentadas propostas concretas exigindo mais verbas no âmbito do III Quadro Comunitário de Apoio , uma política de desconcentração e descentralização administrativa , o cumprimento do calendário de Alqueva e uma nova política agrícola , o avanço do projecto do Aeroporto de Beja , melhores acessibilidades , a retoma das actividades das Pirites Alentejanas , em Aljustrel , melhor saúde e educação , uma melhor política de protecção social , acções nas áreas da cultura , do património , do turismo , do ambiente , do desporto , do combate à toxicodependência .
ser	No comunicado dirigido à população lembra-se que « as propostas da CDU , apoiadas pelas justas pressões da população e por todos os estudos técnicos , foram decisivas » .
ser	Na sessão plenária da passada semana , em Estrasburgo , em que foi discutido e aprovado o relatório Procacci sobre esta iniciativa comunitária , os deputados do PCP apresentaram três alterações , duas das quais foram aprovadas .
ser	A recuperação e reabilitação do edifício onde se instalou o Museu foram promovidas pelo Pelouro da Reabilitação Urbana da Câmara de Lisboa através da empresa municipal EBHAL -- Equipamentos dos Bairros Históricos de Lisboa , num projecto arquitectónico dos Arqºs José Santa-Rita e João Santa-Rita .
ser	Durante meses Assis , Alegres e outros foram discorrendo , esclarecedoramente verdade se diga , sobre o que entendiam quanto à matéria até que , posteriormente , Coelho viesse dar por encerrada a cena .
ser	Contudo , os problemas com que os jovens se deparam no dia-a-dia não foram esquecidos pelos participantes na iniciativa .
ser	E muitas foram as críticas apontadas ao ensino secundário : o regime disciplinar desajustado , a desresponsabilização do Estado com o diploma de .
ser	Em consequência foram enfraquecidas as políticas sociais , aumento a precaridade do trabalho .
ser	Facto é que , nos anos seguintes , foram largas dezenas os governantes e dignitários do PSD envolvidos em corrupção , peculato , comércio de influências e delapidação de .
ser	A severidade da pena aplicada a José Rainha contrasta com a absolvição escandalosa dos responsáveis pelo massacre El Dourado , em que foram assassinados 19 trabalhadores e mutilados outros 69 .
ser	Entre os sindicatos , o voto do AEEU (Amalgamate Engineering and Electrical Union) foi em bloco , o que significa que is filiados não votaram e os dirigentes (73) foram a favor de Fank Dobson (59) e por Ken .
ser	Uma delegação da Direcção Regional do Porto do PCP foi recebida na semana passada pela Inspecção Geral do Trabalho , apelando à urgente intervenção deste organismo face à ilegalidade cometida na Arco Têxteis , onde 26 trabalhadores , incluindo toda a comissão sindical , foram suspensos na sequência de uma greve com ampla participação , como noticiámos na semana passada .
ser	No que respeita ao Ambiente , foram criticados os projectos das transnacionais e a Política Agrícola Comum (PAC) , sublinhando-se a necessidade de se utilizar energias renováveis e alternativas e apoiar as explorações familiares .
ser	Também a defesa e preservação do património natural e o seu aproveitamento lúdico , turístico e económico , a revalorização , requalificação e recuperação das zonas ribeirinhas , frentes de praias atlânticas e a recuperação , ampliação e criação de parques urbanos e de lazer e de manchas verdes da Península de Setúbal foram medidas defendidas por Carlos Humberto Carvalho , do Comité Central , na abertura das Jornadas Regionais sobre as Questões do Ambiente promovidas pela Dors .
ser	Durante muito tempo -- que precioso foi para que esticasse tanto -- foram assegurando ao Governo a graça que lhe ia faltando .
ser#	Os prémios foram « apresentados » pelo activista da CDU Tavares Marques e o primeiro , designado por « Foram os lobbies senhor deputado? » , foi destinado ao ex-ministro do Equipamento e Obras Públicas João Cravinho , a propósito do alargamento do IC 19 .
ser	Os responsáveis por semelhante barbárie foram os regimes nazi-fascistas , sobretudo os regimes hitleriano e mussulinianos .
ser	« Bufar ao balão é insulto do patrão » e « A.uta continua » , foram algumas das palavras de ordem gritadas pelos trabalhadores , que não aceitam os aumentos de 2,4 e de 3% que o patronato pretende aplicar nos sectores da construção civil e das madeiras , respectivamente , exigindo aumentos de 6% , ao mesmo tempo que recusam a imposição do controlo diário e generalizado da taxa de alcoolemia , feito a mando dos patrões .
ser	Construído no tempo record de dois anos e apresentado como o mais moderno e o mais sofisticado hospital português , onde foram gastos cerca de nove milhões de contos , como sublinhou a parlamentar do PCP , esta unidade de saúde veio afinal a revelar como podem irresponsavelmente ser gastos milhões de contos dos impostos dos cidadãos « sem se efectuar um planaemento atempado em matéria de recursos humanos » e sem cuidar de ouvir « os profissionais de saúde envolvidos na prestação de cuidados » .
ser	O deputado do Euskal-Herritarrok no Parlamento Europeu , Koldo Gorostiaga , e a deputada do mesmo partido no parlamento basco , Jone Gorcelaia , estiveram em Lisboa durante três dias , durante os quais foram recebidos pelo presidente da Câmara , João Soares , e contactaram com representantes do PCP e do Be .
ser	« Um acontecimento histórico » , foram as palavras exultantes de George Robertson , secretário-geral da Aliança Atlântica , referindo-se ao Conselho da Nato que pela primeira vez se reuniu no território de um país não membro da aliança , mais propriamente em Kiev , capital da Ucrânia , em Março último .
ser	Nalguns sítios foram bem tratados , noutros foram mal tratados .
ser	flores foram mandadas para o Rossio .
ser	pessoas foram detidas pela polícia .
ser	Através da religião as mulheres foram submetidas às crenças que as obrigavam a aceitar a ignorância e a submissão ; pela dependência económica tornavam-se objectos domésticos sujeitos .
ser	Também algumas dezenas de manifestantes ficaram feridos e dezenas de outros foram detidos .
ser	Em Havana , as comemorações foram bem diferentes .
ser	Ora , sabemos que os textos de Marx sobre o modo de produção asiático (que implicavam uma perspectiva mais complexa e plurifacetada da evolução) foram liminarmente excluídos dos estudos e das investigações em ciências humanas na URSS , prevalecendo aí uma visão esquemática , linearista e rigidamente determinista .
ser	Sabendo-se que as « enormidades » referenciadas na peça « foram recebidas pela generalidade dos telespectadores como a opinião da RTP , ou pior ainda , como 'a verdade ' .
ser	Não poupados nas críticas de João Amaral foram também , por outro lado , os que « sonham em tornar estas relações como uma espécie de prolongamento do período colonial , um neo-colonialismo de fachada cooperante » .
ser	Terminando o contrato em 30 de Abril , foram informados em Janeiro de que « não haveria descongelamento de vagas para resolver a situação » .
ser	Ora , como todos puderam ver , aconteceu que nestes recentes festejos do aniversário do « Contra-Informação » surgiu nos ecrãs , uma grande parte dos políticos que ao longo dos quatro anos ali foram caricaturados , ridicularizados , achincalhados , descredibilizados , todos a louvarem a rubrica em diversos tons , a celebrarem a sua inestimável utilidade , felicíssimos por o « Contra-Informação » ser assim como é .
?	No Porto foram mais de quatro mil e em Coimbra 2000 .
ser	« O.atronato cometeu o mesmo erro que há dez anos , quando tentou impor a flexibilização , também então cedida pelos seus afilhados , e nove anos depois foram obrigados a abdicar , se quiseram um contrato assinado com a CGTP » , lembra a federação de sindicatos do sector , sublinhando que os sindicatos « não vão admitir » o sopro no balão , pois o acordo da UGT não se aplica aos trabalhadores associados das estruturas da Intersindical .
ser	Cercados , indefesos perante uma tão colossal força de combate , os pescadores , estudantes , padres , freiras , estudantes , artistas , sindicalistas , eleitos locais e líderes de partidos da oposição foram detidos e forçados a sair dos perímetros de tiro existentes em Vieques e , sob a acusação de invadirem propriedade privada no próprio solo pátrio , foram presos 140 porto riquenhos .
ser	E os que beneficiaram , quer num caso quer noutro , não foram nem os trabalhadores , nem os particulares , nem as pequenas e médias empresas .
ser	Estes foram prejudicados e muito .
ser	Durante a iniciativa , que teve a participação dos eleitos da CDU da Assembleia Municipal de Espinho e da Freguesia de Paramos , de membros da APARDIL (Associação Paramense de Defesa dos Interesses Locais) , da Quercus , e do Clube do Ambiente da Escola Secundária de Esmoriz , foram relembradas as múltiplas propostas da CDU para a inclusão de verbas no PIDDAC consagradas à Barrinha , sistematicamente chumbadas , como aconteceu na discussão do Orçamento para 2000 .
ser	Milhares de postos de trabalho foram eliminados , aumentaram os ritmos de trabalho , bem como a utilização de mão-de-obra sem direitos e com baixos salários .
ser	O governante afirmou que subscrevia as reivindicações dos agricultores , lembrando que , em Março do ano passado , quando foram concluídos os acordos da nova PAC , ele foi o único ministro a estar contra a proposta .
ser	O desenvolvimento económico , o ordenamento do território , a educação e ensino ; a cultura e desporto , a acção social , a saúde e a segurança dos cidadãos foram outros temas tratados na Resolução Política que aponta a necessidade de afirmar o concelho no contexto regional e nacional , partindo das suas riquezas patrimoniais e culturais .
ser	Os 4 anos de negociação foram muito difíceis , passando por fases de bloqueio , particularmente por parte da empresa , que procurava alcançar objectivos que passavam pela retirada de direitos fundamentais dos trabalhadores , contando com a colaboração das organizações sindicais da área da UGT , designadamente do Sindel e do Sinergia .
ser	Foi referido como apenas 14 tanques do Exército jugoslavo foram destruídos ao longo dos 78 dias de guerra (número indicado pela Jugoslávia , mas agora confessado de forma não oficial pelos próprios círculos da Nato veja-se a revista Newsweek de 15.5.00) , mas ao mesmo tempo foram atingidas 328 escolas .
ser	Novas propostas , muitas delas resultantes de análises críticas sectoriais , com vista a construir-se mais e melhor Poder Local , foram debatidas e aprovadas em Évora , na presença do Secretário-Geral do PCP , Carlos Carvalhas .
ser	As maiores irregularidades foram detectadas nas zonas rurais (boletins de voto em que aparecia apenas a foto do candidato governamental , o que num país com elevada taxa de analfabetismo é particularmente limitativo ; listas de eleitores com elevado número de mortos e ausentes ; problemas com a inscrição dos novos eleitores , etc.
ser	Os critérios fundamentais que orientarão o processo de elaboração das listas de candidatos às eleições legislativas regionais na Madeira , foram discutidos e definidos num encontro de trabalho da CDU , realizado domingo passado .
ser	Os números foram recolhidos pela Associação de Reencontro dos Emigrantes , com base nas listagens divulgadas no « Diário da República » , e foram apresentados sábado passado num encontro sobre o movimento associativo das comunidades portuguesas .
ser	já foram populares .
ser	O ano passado foram apoiadas sete curtas metragens de animação , das quais quatro eram primeiras obras .
ser	O que , desde logo , não se percebe , já que documentos e políticas como o Plano Estratégico de Desenvolvimento da Cidade , Plano Director Municipal Plano de Urbanização da Cidade ou Projectos de Reconversão da Cidade , que transformam substancialmente o perfil de Viana do Castelo , foram decididos pelos órgãos autárquicos , alguns deles exclusivamente pela maioria socialista do Executivo .
ser	Mas nesse ano -- últimos dados disponíveis -- foram condenados em tribunal 2524 indivíduos como consumidores , dos quais 176 com prisão efectiva .
ser	Jazz , cordas , música lusófona , piano , cantiga , vozes de mulher e música da tradição mediterrânica foram os sete blocos temáticos do « Viva a Rua 2000 » , que levou à cidade património mundial alguns grandes nomes da música , como Taj Mahal , Chico César , Olga Prats e João Paulo Santos , Sérgio Godinho , Georges Moustaki , Paco Ibañez , Filipa Pais , Isabel Silvestre , Mafalda Arnault e Kepa Junkera .
ser	Ao longo deste ano e meio , a velha ordem política foi dissolvida em referendo (com 92% dos votos a favor) ; uma Assembleia Constituinte foi eleita por sufrágio universal ; a Constituição redigida por essa Assembleia foi aprovada em novo referendo ; e todos os novos órgãos políticos foram eleitos pelo povo .
ser	As ruas e avenidas da Festa foram tomadas por vários grupos de animação de rua , desde os tradicionais Bombos de Viana do Castelo , às bandas e fanfarras , uma escola de Samba , artistas circenses e coros alentejanos .
ser	Dezenas de mulheres turcas e curdas foram detidas no sábado , em Istambul , quando procuravam denunciar à imprensa a violência contra as mulheres na Turquia .
ser	Segundo a Lusa , a polícia entrou em acção quando as mulheres procuravam fazer uma declaração à imprensa , tendo obrigado 35 mulheres , muitas das quais foram agredidas a pontapé e murro , a entrar à força para viaturas policiais .
ser	No mesmo dia , 63 pessoas foram detidas pela polícia quando levavam a cabo o seu protesto semanal contra os planos do governo de transferir presos de celas grandes para celas pequenas , de duas a três pessoas , segundo a agência Anatolia .
ser	Serguei Eisenstein começou no teatro , mas , embarcando na aventura da modernidade , abertas que lhe foram as portas pela Revolução Soviética , cedo vingou no cinema , para se tornar em um dos seus mais excitantes criadores .
ser	Preocuparía- se-com as esquadras da PSP que foram encerradas na cidade de Lisboa no tempo do PSD e que nunca reabriram .
ser	Para tal , foram convidados representantes das mais diversas áreas como o associativismo estudantil , a psicologia , o poder local ou as artes e a cultura .
ser	Antes da marcha , milhões de assinaturas contra a pobreza e a violência foram transportadas do Bronx até ao parque , para serem posteriormente entregues , por uma delegação política internacional , a Kofi Annam , secretário-geral das Nações Unidas .
ser	Os produtos mais afectados pela baixa real de preços foram as batatas (18,2%) , e o vinho (6%) .
ser	Nitidamente , ao longo do debate os concorrentes foram adquirindo lastro o da inteligência humana em exercício -- que , mais ou menos substantivamente conforme as aptidões de cada um , os foi puxando da etérea patetice em que flutuavam para o chão concreto do questionamento .
ser	Estas situações foram denunciadas pela Federação dos Sindicatos da Alimentação , Bebidas , Hotelaria e Turismo de Portugal (FESAHT/CGTP-IN) que , juntamente com a direcção do Sindicato de Hotelaria , convocou a greve .
ser	Mas no mesmo artigo em que noticiava estas declarações , o Diário de Notícias (30.12.00) afirmava que « de acordo com um porta-voz do Estado-Maior do Exército foram recomendados vários procedimentos aos soldados , nomeadamente a proibição de tocarem em objectos suspeitos e de comprarem alimentos » .
ser	Os resultados foram globalmente positivos para a CDU e para o nosso Partido em ambas as Regiões o que contrariou , de forma clara e inequívoca , as chamadas « previsões » daqueles que sempre procuram contribuir para dificultar a expansão da nossa influência e crescimento eleitoral .
ser	Por exemplo , na Califórnia , no ano passado , foram sindicalizados 70 mil empregados de hóteis , muito mal pagos , muitos deles imigrantes que nem sequer falam inglês .
ser	« As responsabilidades fulcrais são do poder político , a começar pelo Governo , continuando pelo Conselho Superior de Defesa Nacional presidido pelo Presidente da República e terminando em todas as forças políticas que deram um cheque em branco para que Portugal interviesse naquela guerra » , sublinhou o parlamentar do PCP , antes de criticar também o Chefe do Estado Maior do Exército por afirmações que em sua opinião foram « inadequadas e inaceitáveis » e lhe retiram as condições para continuar a exercer o cargo .
?	Segundo dados divulgados na segunda-feira pelo Eurostat , (gabinete de estatística da União Europeia) , os países que mais aumentaram a sua população foram o Luxemburgo (1,6%) , seguido da Irlanda (1,3%) e Holanda (0,74%) .
?	A privatização dos caminhos de ferro britânicos realizada nos anos 90 pelo Governo conservador de John Major e o subinvestimento que se seguiu foram um desastre , declarou no fim-de-semana o primeiro-ministro , Tony Blair .
?	Mais grave ainda , a concepção do amadorismo constitui-se como uma barreira constante para a presença dos atletas oriundos das classes mais desfavorecidas nos grandes acontecimentos olímpicos (exemplo claro é o caso do campeão Jim Thorpe índio da tribo Siouks , que ganhou duas medalhas de ouro nos Jogos de 1912 que lhe foram retiradas posteriormente porque tinha recebido 20 dólares num jogo de basebol) .
?	Durante este período o desporto afirmou-se como um fenómeno social em expansão mundial , as suas bases científicas foram lançadas , a alta competição começou a afirmar-se com uma autonomia inesperada e como forma específica de prestígio e afirmação dos países e dos sistemas políticos .
?	Os argumentos da administração foram expostos com significativa clareza num comunicado de Fevereiro do ano passado e , no final de Novembro , num ofício distribuído aos grupos parlamentares .
?	As propinas foram apresentadas aos estudantes como uma forma de contribuir para o aumento da qualidade , mas , desde que a lei de financiamento entrou em vigor , são utilizadas em despesas de funcionamento e pagamento de salários dos professores e funcionários .
?	A escola apresenta um grave problema de financiamento : os salários de Novembro dos docentes foram pagos em atraso e não há verbas para equipar a escola nem continuar as obras do novo pavilhão .
?	Os Jogos de Lisboa foram ensombrados , sábado passado , por graves incidentes ocorridos no Polidesportivo dos Olivais .
?	« Está-lhes a acontecer provavelmente algo semelhante ao que ocorre com os nativos de Hadzici porque todos eles foram deslocados dos seus lugares após o bombardeamento da Nato de Setembro de 1995 " .
?	Com a publicação em Diário da República 1 Série-B de 4/4/97, do Decreto Regulamentar nº. 5-A/97, de 4 de Abril , foram instruídos dois órgãos para o regular funcionamento do PNM a saber : a Comissão Directiva e o Concelho Consultivo .
?	Os governos tem alertado que há lugares em que desaparece o gado , café e outros produtos agrícolas , o que provoca a escassez de alimentos em zonas que no passado foram ricas .
?	Em dezenas de empresas foram acordados aumentos salariais que , nalguns casos chegam aos 12 contos .
?	« O.ndígena , o camponês sempre foram pacíficos , mas nestas condições vamos morrer de fome , não queremos morrer assim , preferimos morrer lutando » , diz .
?	A construção de pavilhões nas escolas secundárias Gama Barros e Padre Alberto Neto cessou a meio do processo , e para agravar a situação , não foram contemplados no protocolo assinado entre a Câmara Municipal e a Direcção Regional de Educação de Lisboa (DREL) , em Maio do ano passado .
?	No início da semana , e face à evidência de novo agravamento do estado do tempo , foram mobilizados diversos meios , humanos e materiais , dos bombeiros e forças militares a embarcações e veículos pesados .
?	Estes fóruns foram de resto os únicos terminaram com a aprovação de declarações finais .
?	Só no domínio do cinismo é entendível que aqueles que em momentos sucessivos de alteração da Lei de Atribuições e Competências foram esvaziando o poder das assembleias municipais (no domínio orçamental , regulamentar e tarifário só para citar três exemplos mais evidentes) a favor da eficácia do poder executivo , venham agora em nome do que desvalorizaram sustentar esta alteração eleitoral .
?	Primeiro , foram as sucessivas falsas partidas , por incúria administrativa ; depois foram as vicissitudes do transporte e montagem da tuneladora ; a seguir , as demoradas avarias da mesma ; mais recentemente , as derrocadas em habitações (que causaram uma vítima mortal) , a evacuação de muitas mais , com a angústia dos moradores , fora aqueles que vivem em suas casas atentos aos ruídos e a espreitar fissuras , com o credo na boca .
?	foram apresentadas como vítimas civis .
?	As vítimas foram encontradas juntas e alinhadas por uma missão da OSCE , cuja visita ao local era do conhecimento das autoridades sérvias .
?	É certo que o Presidente da Câmara de Vila Nova de Poiares tem razão quando diz que a melhoria da EN17 tem passado ao lado das Câmaras de Miranda do Corvo , Gois e Lousã , mas ele perde a razão , afirmam os comunistas , quando esquece as propostas concretas de uma nova ponte , rectificação e alargamento do traçado de forma a permitir uma terceira faixa de rodagem que o PCP fez para introdução no PIDDAC e que foram chumbadas pelas maiorias primeiro do PSD e depois do PS .
?	No quadro da campanha contra a precariedade foram denunciados alguns casos concretos de empresas onde são particularmente elevados o número ou a percentagem de trabalhadores com vínculos precários .
?	Quais foram as consequências da reorganização para o País ?
?	Estas foram algumas das frentes em que o trabalho se desenvolveu e das muitas coisas que mudaram ...
?	Com o 25 de Abril , os camaradas responsáveis foram desviados para tarefas mais importantes .
?	Também em Montemor-o-Novo os 80 anos de vida e luta do PCP foram assinalados com um almoço realizado , no sábado passado , na Escola Secundária .
?	« Alguns dos membros do Partido que participaram nessa encenação admitem já que foram usados numa campanha para prejudicar o Partido , em nome de ambições de poder pessoal » , disse .
?	Em 2000, a CGTP fez mais de 55 mil sindicalizações e foram eleitos quase cinco mil novos delegados sindicais .
?	Quanto à intervenção do PCP junto da comunidade portuguesa , foram alvo de análise a necessidade da abertura de um escritório consular que sirva a região do Ticino , o problema dos passaportes e a questão do ensino do Português (já tratada pelo PCP ao nível da Assembleia da República) .
?	A empresa Challenger Gray & Cristmans informou que em Março foram despedidos 162 967 trabalhadores nos EUA , contra 55 783 no mesmo mês de 2000 .
?	Na ocasião , foram entregues cartões a 37 camaradas , 25 dos quais aumentaram a sua quota de forma significativa , abrindo-se perspectivas muito positivas para a integração e participação destes camaradas na actividade partidária a nível local .
?	Essas metas foram sintetizadas nos 10 Pontos da Plataforma para um Governo de Reconciliação e Reconstrução nacional , divulgada em Abril de 1993 .
?	Os detalhes de como seria implementado esse boicote ainda não foram discutidos e podem variar de um país para outro .
?	As conclusões da reunião do Comité Central do PCP foram apresentadas à comunicação social por Carlos Carvalhas .
?	A globalização e as suas consequências na sociedade portuguesa foram também debatidas pelos jovens .
?	A inovação , tornada possível por uma lei aprovada em 16 de Junho de 1993 reconhecendo essa competência , independentemente do lugar onde foram cometidos os crimes , das nacionalidades dos acusados e do seu local de residência , levou ao banco dos réus quatro ruandeses , todos hutus .
?	Segundo a acusação , as duas mulheres terão fornecido aos militares hutus os bidões de gasolina com que foram queimadas , numa garagem , a 22 de Maio , entre 500 a 700 pessoas .
?	Onze bancos foram à falência .
?	Entretanto , à Junta de Freguesia de Montargil foram retirados os meios financeiros de apoio que existiam , sendo que a Câmara de Ponte de Sor desde 1994 « não transfere praticamente um tostão » dos mais de 50 mil contos que anualmente enviava para as freguesias .
?	Já na madrugada de segunda-feira , cinco policias palestinianos foram mortos num ataque israelita na Cisjordânia .
?	As palavras são de Shimon Peres , ministro israelita dos Negócios Estrangeiros , e foram proferidas há dias na sua chegada a Moscovo .
?	Devido ao bloqueio , o desemprego aumentou cerca de 50% e muitas empresas foram forçadas a fechar as portas .
?	Pela positiva , a organização congratula-se com a proposta de « redistribuir mais equitativamente as ajudas (que são dinheiro público) do FEOGA-Garantia » , e regista também , com agrado , o facto de ser reconhecido pelo Ministério que a actual PAC e as anteriores « são e foram más » , designadamente por « incentivarem a intensificação excessiva e a produção de excedentes » , com prejuízos para o ambiente , saúde pública e qualidade alimentar .
?	A ofensiva , marcada por profundo ódio de classe , teve consequências trágicas : « cerca de 30 mil parisienses foram massacrados ( ...) perto de 45 mil foram presos , sendo muitos deles depois executados e milhares desterrados ou enviados para trabalhos forçados .
?	Ao debate , pela voz dos deputados do PCP , foram levados variadíssimos exemplos que atestam esta realidade .
?	Ecrãs gigantes foram instalados nos principais pontos da cidade de forma a que a população pudesse acompanhar a sessão do Conselho de Ética transmitida em directo pela « TV Senado » e pelas emissoras comerciais de televisão .
?	Entretanto , as eleições autárquicas foram também definidas como uma prioridade do trabalho , tendo sido apontada a necessidade de dar continuidade ao bom trabalho desenvolvido , que é reconhecido pela população em geral e deve ser capitalizado em votos como forma de contribuir para uma maior representação da CDU , para a resolução dos problemas da população e para o desenvolvimento integrado do concelho .
?	Foram muitos anos de tropa , a que se junta a bonificação de 100% de tempo de serviço para os que foram para as ex-colónias .
?	Para além das questões gerais do concelho , foram lembradas na iniciativa as questões mais particulares , bem como o trabalho realizado pela CDU para as resolver , ou não tivessem sido também apresentados os candidatos à presidência das juntas de freguesia do concelho .
?	Com a presença de Carlos Carvalhas , secretário-geral do PCP , Luísa Araújo , da Comissão Política , vários membros da DORSA e de autarcas da região , foram apresentados publicamente os primeiros candidatos ao município e freguesias de Benavente : António José Ganhão para a Câmara Municipal , Luís Martins para a Assembleia Municipal , Leonor Parracho candidata-se à Junta de Benavente , Rogério Pernes à de Junta de Samora Correia e Maria dos Prazeres avança em Santo Estevão .
?	Os dois senadores foram responsabilizados pela violação do painel electrónico que garantiria o secretismo do voto , pela ocultação do facto e da informação ao Senado da violabilidade do sistema , e por um encadeamento de mentiras públicas apresentadas aos senadores e ao país através da imprensa .
?	A CDU votou favoravelmente à moção , mas os seus dois votos somados às quatro abstenções do PSD não foram suficientes para que a moção passasse .
?	Há anos que a União Europeia vem discutindo o assunto e alguns programas foram aprovados para apoiar a luta contra o tráfico de mulheres .
?	Num outro incidente no sector da aldeia de Raduse , a 20 quilómetros a Noroeste de Tetovo , « dois membros das forças de segurança macedónia foram feridos » .
?	Alguns edifícios , como a Penitenciária de Génova , foram atacados por pequenos grupos de jovens , tendo a polícia permitido , estranhamente , a escalada de violência , abandonando o local na altura dos confrontos e regressando somente quando o ataque havia cessado e os manifestantes dispersado .
?	mais de 1500 palestinianos foram retidos na parte egípcia do ponto de passagem de Rafah , entre o Egipto e a Faixa de Gaza , devido ao bloqueio israelita , denunciou sábado um responsável da segurança palestiniana .
?	Talvez para tentar impedir que tais provas fossem tornadas públicas , na própria noite em que estas declarações foram feitas , forças policiais italianas invadiram e saquearam a sede do Genoa Social Forum , destruíndo tudo o que encontraram e provocando dezenas de feridos .
?	Já na madrugada de segunda-feira , seis activistas da Al Fatah foram mortos por soldados israelitas , e as instalações da polícia palestiniana em Gaza foram bombardeadas .
?	Numa nota em que anunciavam para ontem , quarta-feira , uma concentração junto às instalações da referida empresa de Guimarães , os trabalhadores expressam a sua « fúria » face à decisão da Comissão de Credores e do Liquidatário judicial que « pela calada » venderam todo o património móvel por 10 mil contos » quando , afirmam , este « valeria 60 mil » , valor pelo qual aqueles bens « foram recomprados de imediato » .
?	Falei com gente que lutou em muitos departamentos , participando em dezenas de choques com o Exército e os paramilitares e com jovens que ainda não foram submetidos ao fogo do inimigo .
?	Os convites foram recusados , pois « não explicaram os objectivos da comissão e nós , por natureza , não precisamos de comissões especiais para sermos solidários com os trabalhadores » , conta Josélia Xavier .
?	No âmbito da toxicodependência , de Dezembro de 1996 a 2000 foram apoiados mais de 9.500 toxicodependentes , a quem foram prestados cerca de 800 mil actos de enquadramento higiénico/sanitário , apoio social e redução de riscos e danos , e mais de 40 mil actos de saúde , de enfermagem , psicologia , apoio clínico , consultas externas e internamentos .
?	Quando se sabe que desde o início do ano já foram destruídos 7700 postos de trabalho , Guterres vai de Falcon ao Porto almoçar , reinaugurar um museu e ver algumas colecções em Serralves .
?	As « condições degradantes » em que os trabalhadores operários e auxiliares da Junta de Freguesia de Odivelas continuam a ser transportados foram criticadas pelo STAL .
?	mais de 6000 pessoas foram mortas na última década naquela província .
?	Mas não é aceitável que enveredem por novos actos de guerra , por bombardeamentos ou ataques a países e populações indefesas , fazendo mais vítimas inocentes , só porque se suspeita que aí haja árabes terroristas , alguns dos quais foram os próprios EUA que ensinaram , equiparam e financiaram , para vingar orgulhos feridos ou , então , tentar restabelecer a confiança em quem claramente a não merece , porque falhou rotundamente na sua política dita de prevenção : a CIA e o FBI .
?	Por seu lado , o Exército israelita afirma que as medidas , impostas aos palestinianos , foram tomadas para « neutralizar ataques terroristas » em Israel e impedir as « entradas ilegais » de trabalhadores palestinianos sem autorização .
?	Uma vaga cujo espraiar conheceu o apogeu durante as três décadas que foram encerradas com as ondas contrárias do chamado choque petrolífero de 1974 -- 1975 .
?	Para amanhã , de manhã , está marcada uma iniciativa na Praça da República , em Viana do Castelo , distrito onde , durante a corrente semana , foram recolhidas assinaturas em cerca de 30 empresas .
?	Acresce que ou aumentos registados nos bens essenciais já são muito superiores a 10% , pelo que « há muito que os últimos aumentos das pensões foram sugados » .
?	Cerca de 450 pessoas foram ao Ateneu Artístico Vilafranquense e ficaram a conhecer os candidatos às freguesias , à Assembleia Municipal , bem como a equipa que pretende dirigir a autarquia nos próximos quatro anos .
?	Entretanto , dois operários palestinianos foram mortos domingo no norte da Cisjordânia por tiros disparados por soldados israelitas quando tentavam entrar em Israel .
?	As invasões do Panamá e de Granada , foram actos que sujaram o nome dos Estados Unidos .
?	Foram soviéticos os foguetões que pela primeira vez colocaram na Lua um laboratório científico , assim como foram soviéticas as primeiras estações automáticas interplanetárias .
?	« Não foram asseguradas todas as condições técnicas para que o forno fosse desligado de forma correcta » , afirmou o sindicalista .
?	A guerra em Angola e a devastação provocada pelas inundações em Moçambique foram dois dos assuntos que mereceram a atenção da Assembleia , tendo os parlamentares manifestado preocupação pela prossecução em Angola de uma guerra que dura há mais de 25 anos e pela não aplicação do acordo de paz de Lusaca , assim como pelo recente ataque da Unita a um comboio , considerado dos mais sangrentos atentados dos últimos anos .
?	Os trabalhos , que foram marcados por vários protestos de representantes de organizações antiglobalização , abriram no entanto a possibilidade aos estados produtores de medicamentos genéricos de poderem comercializá-los nos países afectados por epidemias como o Sida , apesar da protecção das patentes consagrada nos acordos sobre a propriedade intelectual .
?	As regras para pôr em prática o Protocolo de Quioto , em negociação desde 1997, sobre a redução da emissão de gases com efeito de estufa , foram adoptadas por 167 países , e espera-se agora a sua ratificação do Protocolo e à sua entrada em vigor .
?	As abstenções foram de um Ds e um membro da Liga Norte .
?	Dez separatistas tchechenos foram mortos e 20 ficaram feridos , sábado , numa operação montada pelos serviços secretos russos (FSB) , em Argun , perto de Grozny .
?	As mulheres foram espancadas porque não envergavam a burqa » , adiantou .
?	Os discursos , de Carvalhas e de José Maria Pós-de-Mina , presidente da Câmara Municipal de Moura e de novo candidato , foram no mesmo sentido : há justificadas razões para ter grande confiança em bons resultados no domingo e , no que diz respeito ao concelho de Moura , o objectivo é reforçar a votação e alcançar a maioria absoluta .
?	Vários testemunhos das mais antigas religiões foram encontrados em textos gravados em tiras de papiro nas quais , anteriormente , uma outra mensagem , completamente diferente , fora registada .
?	Lisboa e Porto foram palco de manifestações contra a actual lei de penalização do aborto , no dia em que o Tribunal da Maia leu o acórdão do processo que envolvia 17 mulheres acusadas de interrupção da gravidez .
?	Rejeitadas foram ainda outras propostas apresentadas pelo PCP , como foram as respeitantes à actualização das pensões degradadas da função pública .
?	Funcionários dos sectores público e privado foram convidados pelo congresso de sindicatos para tirar meio dia de folga em memória do carteiro católico Daniel McColgan , que foi morto por um grupo armado protestante .
?	Muitos destes contributos , sublinhou , levaram à reavaliação de questões e muitos outros foram consagrados nos textos .
?	Concedemos que nos tempos que correm , tão votados ao salve-se quem puder e aos mais mesquinhos interesses , não seja fácil perceber esta vocação do colectivo em detrimento do pessoal ; que seja difícil de entender que haja quem -- e muitos são , foram e serão -- apenas conceba a realização pessoal ao serviço do colectivo ; que cause perplexidade a quem não vê mais do que o seu umbigo , que tantos prezem tão profundamente os valores da humanidade que lhes consagram a vida .
?	Nem qualquer novo 'ajuste ' (só no governo de Fernando de la Rua foram 7) !
?	Por sua exclusiva vontade e responsabilidade , várias foram as leis que o PS não quis .
?	Paralelamente , e em consequência , foram fortalecidas as iniciativas que se têm mantido e crescido ao longo dos anos apesar das adversidades , com a criação de soluções imediatas para salvar a população da fome , do desespero , do desemprego e da criminalidade : o Movimento dos Sem Terra , dos Sem Tecto , a Pastoral da Criança , os programas de formação para os meninos de rua , o Movimento de Cidadania , o Movimento pela Paz .
?	E tal como se passou em outros processos idênticos , também aqui foram já encetadas diligências por parte da administração cujo verdadeiro intuito está longe de ser o anunciado .
?	Os tiros foram disparados quando os .
?	Vários foram os exemplos que atestam esta situação e que o deputado do PCP não hesitou em qualificar de « intolerável » (ver caixa) .
?	Na realidade , desde então o número de mortos não parou de aumentar : cerca de um milhar de palestinianos foram mortos pelo Exército ou por colonos , e mais de uma centena de israelitas morreu em recontros ou atentados .
?	Existem ainda casos de discriminação remuneratória : a um número restrito de trabalhadores foram atribuídos bónus e alguns quadros foram contemplados com cheques confidenciais .
?	Estava-se na interpelação sobre política fiscal , por iniciativa do Be , no decorrer da qual ao Governo foram exigidas explicações sobre o inadmissível « impasse » em que se encontra aquela reforma tida como fundamental para o País .
?	À medida que os anos foram avançado , comprovaram-se duas coisas .
?	Os países em que a situação mais se alterou em matéria de inovação foram a Grécia (52,9%) , Espanha (46,8%) , Luxemburgo (45,8%) e Irlanda (41,9%) .
?	Mas a polémica instalou-se quando os resultados foram proclamados pela mesa : 115 votos do PS a favor , uma abstenção do independente Daniel Campelo e 110 votos de toda a oposição .
?	Os cidadãos foram sensibilizados a participar na vida cultural .
?	Apostados que estavam em manter Setúbal e conquistar o Barreiro à CDU , os socialistas , vendo estes objectivos cada vez mais afastados , enveredaram , nestes dois concelhos e em muitos outros , por práticas que , inclusivamente nas palavras do candidato da CDU à presidência da Assembleia Municipal do Barreiro , Hélder Madeira « chegam a lembrar outros tempos , que foram enterrados em Abril de 1974 ", como é o caso da atitude « pidesca » de perseguir profissionalmente pessoas que deram a cara e o nome pela CDU , como candidatos ou apoiantes .
?	As « propostas » que a candidatura do PS faz para o Barreiro foram apresentadas pelo Grupo Parlamentar do PCP para serem incluídos no PIDDAC e foram rejeitadas pelo mesmo Partido Socialista , incluindo por um dos seus candidatos no Barreiro , que é deputado na Assembleia da República .
?	Odete Santos , no jantar concelhio da CDU que juntou cerca de 1200 apoiantes lembrou que , para o PS , as greves e as fomes em Setúbal nos anos 80 foram da responsabilidade da CDU , enquanto que as dos vidreiros da Marinha Grande nada têm a ver com a autarquia .
?	E isto , para além da suprema razão de que nada pode ou deve passar à frente do interesse directo das mulheres acusadas , porque entendemos que a pungente situação em que as 17 mulheres foram colocadas por força de uma denúncia , a devassa das suas vidas que tiveram de enfrentar com as perguntas com que foram confrontadas representam uma tão desmedida e inaceitável violência que , só por si , são razões suficientes para que , tão breve quanto possível , Portugal seja finalmente dotado de uma lei de despenalização da interrupção voluntária da gravidez aprovada pela Assembleia da República .
?	No total , foram três semanas , de 28 de Dezembro a 11 de Janeiro .
?	Não aspirando a louros ou estátuas , não prescindimos , no entanto , da verdade histórica , nem deixaremos que o silêncio e a mentira escondam ou apaguem ou deturpem esta realidade : quando lutar pela democracia e pela liberdade tinha como consequências previsíveis a prisão , a tortura , muitas vezes a morte , foram os comunistas quem ocupou a primeira fila dessa luta .
?	No primeiro ano em que o PS foi governo , foram concedidos , em benefícios fiscais não produtivos , 137 milhões de contos , enquanto para 2002 estima-se que esse valor ascenda para 387 milhões de contos .
?	O vale- tudo institucionalizou-se e as promessas repetidas sucedem-se , igualzinhas às que foram feitas em passados actos eleitorais e não cumpridas pelo partido que , graças a elas , chegou ao governo .
?	Os físicos Sokal e Bricmont foram os autores do livro « Imposturas intelectuais » que crítica uma série de pensadores franceses da segunda metade do século XX -- de onde , até certo ponto , surgiu a corrente pós-moderna -- pela forma aparentemente charlatanesca (charlatanesca , claro , para quem raciocina do lado das ciências duras) como empregam conceitos próprios de ciências como a Física e a Matemática .
?	Na operação , cinicamente baptizada com o nome de código « Paz na Galileia » , foram utilizados meios aéreos , terrestres e navais , que rapidamente devastaram e pilharam as mais importantes cidades do país .
?	Júlio César corrompeu as lideranças gaulesas e até contou em livro como se faz , Viriato e Sertório foram assassinados por lusitanos comprados por Roma , os Reis Católicos de Espanha apoderaram-se finalmente de Granada no século XV convencendo o califa a traficar o povo e o reino a troco do seu conforto pessoal , Hitler e o nazismo dominaram a Alemanha vendendo ao capitalismo nacional e internacional a garantia de conter o bolchevismo .
?	Ora , como a história nos ensina , e amiúde tem sido sublinhado , todas as conquistas e avanços dos trabalhadores e dos povos foram alcançados através da luta e a construção de uma sociedade nova é um processo difícil , complexo , moroso , com avanços e recuos , com vitórias e derrotas , um processo no qual cada tentativa , ainda que derrotada , é sempre um passo em frente , pelas sementes de futuro que semeia .
?	Para minorar o problema da falta de água , foram realizadas obras de remodelação da conduta principal de abastecimento de água a Monforte e foram abertos novos furos de água .
?	As medidas foram anunciadas a semana passada , aquando da apresentação dos resultados do primeiro semestre do ano , e inserem-se num plano de poupança de 1500 milhões de euros anuais durante os próximos cinco anos .
?	João Frazão deu a conhecer que , em duas semanas , foram recolhidas 4687 assinaturas , facto que « leva-nos já a estabelecer como novo objectivo de trabalho a recolha de 10 mil assinaturas , ou seja o dobro do inicialmente previsto » .
?	Pela paz , contra a guerra e o terrorismo , foram as palavras de ordem que mobilizaram milhares de pessoas na concentração pela paz realizada na tarde de terça-feira , na Praça dos Poveiros , no Porto .
?	O PCP salienta que ' a justa absolvição de 15 das 17 mulheres não pode ocultar nem fazer esquecer que , em pleno século XXI , estas portuguesas foram sujeitas a uma intolerável devassa da sua vida e expostas a uma situação profundamente lesiva da sua dignidade e que , a não haver recurso ou diferente sentença , uma delas ficará com a inscrição no seu registo criminal de uma condenação por ter feito o que , ao longo dos tempos , centenas de milhares de outras portuguesas igualmente fizeram ' .
?	Em articulação com a Comissão Política e o Secretariado do CC , a Direcção da Organização Regional do Porto anunciou ontem que Honório Novo (deputado à AR e anteriormente deputado ao Parlamento Europeu) será o cabeça de lista da CDU no círculo do Porto , lugar e tarefa que , como é sabido , há dois anos foram confiados a João Amaral , no quadro da mesma soberania de decisão que agora foi exercida e que , então , também significou inevitavelmente a não escolha de outros membros do PCP .
?	Prova disso , foram as críticas apresentadas pelos munícipes na reunião de Câmara na passada terça-feira , e que Alberto Souto promete analisar a partir de agora ao pormenor .
?	Mas , mesmo assim , penso que os aveirenses demonstraram ter sabido interpretar a candidatura do Dr. Pacheco Pereira , e prova disso é que todos os momentos de campanha em que participou no distrito , foram bons .
?	Os cerca de cem atletas presentes fizeram o Duatlo/Sprint mais duro da época , onde o calor e as forte subidas no segmento de corrida foram o inimigo número um dos atletas .
?	Um orçamento global de 33.400 contos , foi aplicado no apoio às associações de estudantes do ensino superior , centros de área educativa , associações desportivas federadas , INATEL , e Associação Social , Cultural da Terceira Idade e do Autodidacta Associações de estudantes do ensino superior , centros de área educativa , associações desportivas federadas , a Associação Social , Cultural da Terceira Idade e do Autodidacta , e o INATEL , foram as entidades do distrito , que ontem assinaram uma série de protocolos de cooperação financeira com o Governo Civil de Aveiro .
?	Infracções que , de acordo com a sentença , foram declaradas amnistiadas , por força da Lei 29/99 de 12 de Maio , e levaram ao consequente arquivamento do respectivo processo .
?	O preço da produção da batata , o encerramento do Matadouro de Aveiro , e o regime de prestação à segurança social , foram os principais alvos do protesto dos produtores de batata , carne e leite , da região " O.overno tem o dever de apoiar os pequenos e médios agricultores ", a voz era de Albino Silva , presidente da ALDA -- Associação da Lavoura do Distrito de Aveiro , mas a reivindicação e a revolta eram comuns aos agricultores do concelho de Vagos .
?	Do partido com mais representantes , o PSD , os elementos escolhidos foram Paulo Costa e Flor Agostinho , da bancada socialista os nomes apontados foram os de Mário Sardo e Naia Sardo , da CDU estarão presentes Francisco Menezes e José Vieira e do CDS/PP estará presente Ilídio Cunha .
?	Os canoístas do Ginásio Clube de Águeda (GICA) , Jorge Silva e Paulo Arede , foram designados para integrar a selecção nacional sénior , que vai participar no Campeonato do Mundo de Maratonas , a disputar nos dias 31 de Julho e 1 de Agosto , na Hungria .
?	Não quer com isso dizer que não exista uma fuga , mas estamos atentos a essa situação para que não haja abusos Da : Sendo a acção social um ponto de grande importância na Segurança Social , que medidas foram tomadas nesta área ?
?	« Não tenho qualquer responsabilidade no encerramento » , declarou , defendendo-se de algumas acusações que lhe foram dirigidas , « antes pelo contrário , fui eu quem a instalou em 1984 e daí para cá sei que prestou um excelente serviço ao povo de Ovar » .
?	« Não foi só o concelho de Ovar que ficou a perder com o encerramento da maternidade » , disse Valdemar Gomes , « os concelhos da Murtosa e de Estarreja também foram prejudicados pois eram assistidos pela valência » .
?	Para já há mais de 50 casos conhecidos e foram detidos três suspeitos , dois dos quais se mantêm em prisão preventiva Obter uma carta de condução de forma fácil e sem ter que ser submetido a exames .
?	« Estes compromissos foram assumidos publicamente , alguns com concurso aberto , outros já adjudicados , mas algo impede que sejam transformados na devida obra » , denunciou o autarca .
